#
# A fatal error has been detected by the Java Runtime Environment:
#
#  EXCEPTION_ACCESS_VIOLATION (0xc0000005) at pc=0x00000000518d2090, pid=13328, tid=0x0000000000002520
#
# JRE version: Java(TM) SE Runtime Environment (8.0_161-b12) (build 1.8.0_161-b12)
# Java VM: Java HotSpot(TM) 64-Bit Server VM (25.161-b12 mixed mode windows-amd64 compressed oops)
# Problematic frame:
# C  [nvoglv64.DLL+0xd82090]
#
# Failed to write core dump. Minidumps are not enabled by default on client versions of Windows
#
# If you would like to submit a bug report, please visit:
#   http://bugreport.java.com/bugreport/crash.jsp
# The crash happened outside the Java Virtual Machine in native code.
# See problematic frame for where to report the bug.
#

---------------  T H R E A D  ---------------

Current thread (0x0000000020111000):  JavaThread "AWT-EventQueue-0" [_thread_in_native, id=9504, stack(0x0000000021fb0000,0x00000000220b0000)]

siginfo: ExceptionCode=0xc0000005, reading address 0x0000000000000000

Registers:
RAX=0x0000000028ad23f8, RBX=0x0000000000000024, RCX=0x0000000028780000, RDX=0x0000000000000000
RSP=0x00000000220acc80, RBP=0x0000000028780000, RSI=0x0000000000000024, RDI=0x0000000000000000
R8 =0x00000000ffffffff, R9 =0x0000000000000024, R10=0x0000000023513b14, R11=0x0000000000000018
R12=0x0000000000000004, R13=0x0000000000000000, R14=0x0000000000000010, R15=0x0000000028832040
RIP=0x00000000518d2090, EFLAGS=0x0000000000010246

Top of Stack: (sp=0x00000000220acc80)
0x00000000220acc80:   0000000000000000 0000000000000004
0x00000000220acc90:   0000000028780000 0000000000001405
0x00000000220acca0:   0000000000000000 000000005197e628
0x00000000220accb0:   0000000000000024 00000000ffffffff
0x00000000220accc0:   0000000000001405 0000000028780000
0x00000000220accd0:   0000000000001405 0000000000000000
0x00000000220acce0:   00000000220acd40 00000000220accf0
0x00000000220accf0:   00000000220acd90 0000000028ad23f8
0x00000000220acd00:   0000000028832040 0000000028ad23f8
0x00000000220acd10:   0000000028832040 0000000000000000
0x00000000220acd20:   00000000ffffffff 0000000028780000
0x00000000220acd30:   0000000028ad23f8 000000005197f6cc
0x00000000220acd40:   0000000000000000 0000000000000000
0x00000000220acd50:   0000000000001405 0000000000000004
0x00000000220acd60:   0000000000000024 0000000000001405
0x00000000220acd70:   0000000000000000 0000000000000000 

Instructions: (pc=0x00000000518d2090)
0x00000000518d2070:   b8 00 00 00 48 03 fa eb 17 83 b8 00 06 00 00 00
0x00000000518d2080:   74 0e 48 8b 80 70 0a 00 00 48 03 b8 b8 00 00 00
0x00000000518d2090:   44 8b 07 4c 8b df 48 83 c7 04 41 ba 01 00 00 00
0x00000000518d20a0:   41 8b d0 45 3b f2 7e 37 41 8d 46 ff 44 8b c8 44 


Register to memory mapping:

RAX=0x0000000028ad23f8 is an unknown value
RBX=0x0000000000000024 is an unknown value
RCX=0x0000000028780000 is an unknown value
RDX=0x0000000000000000 is an unknown value
RSP=0x00000000220acc80 is pointing into the stack for thread: 0x0000000020111000
RBP=0x0000000028780000 is an unknown value
RSI=0x0000000000000024 is an unknown value
RDI=0x0000000000000000 is an unknown value
R8 =0x00000000ffffffff is an unknown value
R9 =0x0000000000000024 is an unknown value
R10=0x0000000023513b14 is an unknown value
R11=0x0000000000000018 is an unknown value
R12=0x0000000000000004 is an unknown value
R13=0x0000000000000000 is an unknown value
R14=0x0000000000000010 is an unknown value
R15=0x0000000028832040 is an unknown value


Stack: [0x0000000021fb0000,0x00000000220b0000],  sp=0x00000000220acc80,  free space=1011k
Native frames: (J=compiled Java code, j=interpreted, Vv=VM code, C=native code)
C  [nvoglv64.DLL+0xd82090]
C  [nvoglv64.DLL+0xe2e628]
C  [nvoglv64.DLL+0xe2f6cc]
C  [nvoglv64.DLL+0xa22c4d]
C  0x00000000030d8c67

Java frames: (J=compiled Java code, j=interpreted, Vv=VM code)
j  jogamp.opengl.gl4.GL4bcImpl.dispatch_glDrawElements1(IIIJJ)V+0
j  jogamp.opengl.gl4.GL4bcImpl.glDrawElements(IIIJ)V+59
j  inft3032.drawables.Box.draw(Ljavax/media/opengl/GL3;)V+8
j  inft3032.assign.AssignGLListener.display(Ljavax/media/opengl/GLAutoDrawable;)V+79
j  jogamp.opengl.GLDrawableHelper.displayImpl(Ljavax/media/opengl/GLAutoDrawable;)V+81
j  jogamp.opengl.GLDrawableHelper.display(Ljavax/media/opengl/GLAutoDrawable;)V+2
j  javax.media.opengl.awt.GLCanvas$10.run()V+118
j  jogamp.opengl.GLDrawableHelper.invokeGLImpl(Ljavax/media/opengl/GLDrawable;Ljavax/media/opengl/GLContext;Ljava/lang/Runnable;Ljava/lang/Runnable;)V+206
j  jogamp.opengl.GLDrawableHelper.invokeGL(Ljavax/media/opengl/GLDrawable;Ljavax/media/opengl/GLContext;Ljava/lang/Runnable;Ljava/lang/Runnable;)V+80
j  javax.media.opengl.awt.GLCanvas$11.run()V+73
j  javax.media.opengl.Threading.invoke(ZLjava/lang/Runnable;Ljava/lang/Object;)V+33
j  javax.media.opengl.awt.GLCanvas.display()V+64
j  javax.media.opengl.awt.GLCanvas.paint(Ljava/awt/Graphics;)V+137
j  sun.awt.RepaintArea.paintComponent(Ljava/awt/Component;Ljava/awt/Graphics;)V+6
j  sun.awt.RepaintArea.paint(Ljava/lang/Object;Z)V+326
j  sun.awt.windows.WComponentPeer.handleEvent(Ljava/awt/AWTEvent;)V+155
j  java.awt.Component.dispatchEventImpl(Ljava/awt/AWTEvent;)V+877
j  java.awt.Component.dispatchEvent(Ljava/awt/AWTEvent;)V+2
j  java.awt.EventQueue.dispatchEventImpl(Ljava/awt/AWTEvent;Ljava/lang/Object;)V+41
j  java.awt.EventQueue.access$500(Ljava/awt/EventQueue;Ljava/awt/AWTEvent;Ljava/lang/Object;)V+3
j  java.awt.EventQueue$3.run()Ljava/lang/Void;+32
j  java.awt.EventQueue$3.run()Ljava/lang/Object;+1
v  ~StubRoutines::call_stub
j  java.security.AccessController.doPrivileged(Ljava/security/PrivilegedAction;Ljava/security/AccessControlContext;)Ljava/lang/Object;+0
j  java.security.ProtectionDomain$JavaSecurityAccessImpl.doIntersectionPrivilege(Ljava/security/PrivilegedAction;Ljava/security/AccessControlContext;Ljava/security/AccessControlContext;)Ljava/lang/Object;+18
j  java.security.ProtectionDomain$JavaSecurityAccessImpl.doIntersectionPrivilege(Ljava/security/PrivilegedAction;Ljava/security/AccessControlContext;)Ljava/lang/Object;+6
j  java.awt.EventQueue$4.run()Ljava/lang/Void;+11
j  java.awt.EventQueue$4.run()Ljava/lang/Object;+1
v  ~StubRoutines::call_stub
j  java.security.AccessController.doPrivileged(Ljava/security/PrivilegedAction;Ljava/security/AccessControlContext;)Ljava/lang/Object;+0
j  java.security.ProtectionDomain$JavaSecurityAccessImpl.doIntersectionPrivilege(Ljava/security/PrivilegedAction;Ljava/security/AccessControlContext;Ljava/security/AccessControlContext;)Ljava/lang/Object;+18
j  java.awt.EventQueue.dispatchEvent(Ljava/awt/AWTEvent;)V+73
j  java.awt.EventDispatchThread.pumpOneEventForFilters(I)V+245
j  java.awt.EventDispatchThread.pumpEventsForFilter(ILjava/awt/Conditional;Ljava/awt/EventFilter;)V+35
j  java.awt.EventDispatchThread.pumpEventsForHierarchy(ILjava/awt/Conditional;Ljava/awt/Component;)V+11
j  java.awt.EventDispatchThread.pumpEvents(ILjava/awt/Conditional;)V+4
j  java.awt.EventDispatchThread.pumpEvents(Ljava/awt/Conditional;)V+3
j  java.awt.EventDispatchThread.run()V+9
v  ~StubRoutines::call_stub

---------------  P R O C E S S  ---------------

Java Threads: ( => current thread )
  0x0000000002e43800 JavaThread "DestroyJavaVM" [_thread_blocked, id=15540, stack(0x0000000002d10000,0x0000000002e10000)]
  0x00000000204bd000 JavaThread "main-SharedResourceRunner" daemon [_thread_blocked, id=1436, stack(0x0000000022ca0000,0x0000000022da0000)]
=>0x0000000020111000 JavaThread "AWT-EventQueue-0" [_thread_in_native, id=9504, stack(0x0000000021fb0000,0x00000000220b0000)]
  0x00000000200c4800 JavaThread "AWT-Windows" daemon [_thread_in_native, id=13432, stack(0x00000000213b0000,0x00000000214b0000)]
  0x0000000020378000 JavaThread "AWT-Shutdown" [_thread_blocked, id=11388, stack(0x00000000212b0000,0x00000000213b0000)]
  0x0000000020298800 JavaThread "Java2D Disposer" daemon [_thread_blocked, id=7180, stack(0x00000000211b0000,0x00000000212b0000)]
  0x000000001f50d800 JavaThread "Service Thread" daemon [_thread_blocked, id=13860, stack(0x000000001fea0000,0x000000001ffa0000)]
  0x000000001f459000 JavaThread "C1 CompilerThread3" daemon [_thread_blocked, id=15848, stack(0x000000001fda0000,0x000000001fea0000)]
  0x000000001f454800 JavaThread "C2 CompilerThread2" daemon [_thread_blocked, id=18116, stack(0x000000001fca0000,0x000000001fda0000)]
  0x000000001f451800 JavaThread "C2 CompilerThread1" daemon [_thread_blocked, id=3652, stack(0x000000001fba0000,0x000000001fca0000)]
  0x000000001f451000 JavaThread "C2 CompilerThread0" daemon [_thread_blocked, id=4768, stack(0x000000001faa0000,0x000000001fba0000)]
  0x000000001f44f800 JavaThread "Monitor Ctrl-Break" daemon [_thread_in_native, id=9300, stack(0x000000001f9a0000,0x000000001faa0000)]
  0x000000001e9e3800 JavaThread "Attach Listener" daemon [_thread_blocked, id=17700, stack(0x000000001f0a0000,0x000000001f1a0000)]
  0x000000001ea3b800 JavaThread "Signal Dispatcher" daemon [_thread_blocked, id=360, stack(0x000000001efa0000,0x000000001f0a0000)]
  0x000000001cae7800 JavaThread "Finalizer" daemon [_thread_blocked, id=16660, stack(0x000000001eda0000,0x000000001eea0000)]
  0x000000001cae0800 JavaThread "Reference Handler" daemon [_thread_blocked, id=7804, stack(0x000000001e8a0000,0x000000001e9a0000)]

Other Threads:
  0x000000001cad8000 VMThread [stack: 0x000000001e7a0000,0x000000001e8a0000] [id=11700]
  0x000000001f567000 WatcherThread [stack: 0x000000001ffa0000,0x00000000200a0000] [id=5076]

VM state:not at safepoint (normal execution)

VM Mutex/Monitor currently owned by a thread: None

Heap:
 PSYoungGen      total 75776K, used 47817K [0x000000076b600000, 0x0000000770a80000, 0x00000007c0000000)
  eden space 65024K, 73% used [0x000000076b600000,0x000000076e4b2718,0x000000076f580000)
  from space 10752K, 0% used [0x0000000770000000,0x0000000770000000,0x0000000770a80000)
  to   space 10752K, 0% used [0x000000076f580000,0x000000076f580000,0x0000000770000000)
 ParOldGen       total 173568K, used 0K [0x00000006c2200000, 0x00000006ccb80000, 0x000000076b600000)
  object space 173568K, 0% used [0x00000006c2200000,0x00000006c2200000,0x00000006ccb80000)
 Metaspace       used 15405K, capacity 15651K, committed 15872K, reserved 1062912K
  class space    used 1601K, capacity 1701K, committed 1792K, reserved 1048576K

Card table byte_map: [0x0000000012480000,0x0000000012c70000] byte_map_base: 0x000000000ee6f000

Marking Bits: (ParMarkBitMap*) 0x000000005397f860
 Begin Bits: [0x00000000139c0000, 0x0000000017938000)
 End Bits:   [0x0000000017938000, 0x000000001b8b0000)

Polling page: 0x00000000028a0000

CodeCache: size=245760Kb used=3252Kb max_used=3252Kb free=242507Kb
 bounds [0x00000000030c0000, 0x0000000003400000, 0x00000000120c0000]
 total_blobs=1554 nmethods=761 adapters=706
 compilation: enabled

Compilation events (10 events):
Event: 2.056 Thread 0x000000001f459000  753       1       java.util.regex.Pattern$All::isSatisfiedBy (2 bytes)
Event: 2.056 Thread 0x000000001f459000 nmethod 753 0x00000000033e2250 code [0x00000000033e23a0, 0x00000000033e24b0]
Event: 2.063 Thread 0x000000001f459000  759       3       sun.nio.cs.UTF_8$Decoder::decodeArrayLoop (691 bytes)
Event: 2.064 Thread 0x000000001f451800  762       4       java.util.regex.Pattern$Node::match (27 bytes)
Event: 2.064 Thread 0x000000001f451800 nmethod 762 0x00000000033e51d0 code [0x00000000033e5300, 0x00000000033e53b8]
Event: 2.068 Thread 0x000000001f459000 nmethod 759 0x00000000033e5490 code [0x00000000033e5de0, 0x00000000033ec648]
Event: 2.068 Thread 0x000000001f459000  760       3       java.nio.Buffer::flip (20 bytes)
Event: 2.068 Thread 0x000000001f459000 nmethod 760 0x00000000033e4e90 code [0x00000000033e4fe0, 0x00000000033e5150]
Event: 2.068 Thread 0x000000001f459000  761       3       java.nio.Buffer::remaining (10 bytes)
Event: 2.068 Thread 0x000000001f459000 nmethod 761 0x00000000033e4b90 code [0x00000000033e4ce0, 0x00000000033e4e30]

GC Heap History (0 events):
No events

Deoptimization events (6 events):
Event: 0.367 Thread 0x0000000002e43800 Uncommon trap: reason=unstable_if action=reinterpret pc=0x0000000003244ff4 method=java.lang.String.indexOf([CII[CIII)I @ 3
Event: 1.853 Thread 0x0000000002e43800 Uncommon trap: reason=unstable_if action=reinterpret pc=0x00000000033a4234 method=java.lang.reflect.AccessibleObject.setAccessible0(Ljava/lang/reflect/AccessibleObject;Z)V @ 4
Event: 1.871 Thread 0x0000000002e43800 Uncommon trap: reason=unstable_if action=reinterpret pc=0x00000000032fe898 method=sun.misc.MetaIndex.mayContain(Ljava/lang/String;)Z @ 38
Event: 1.874 Thread 0x0000000002e43800 Uncommon trap: reason=unstable_if action=reinterpret pc=0x00000000032c81ec method=java.lang.AbstractStringBuilder.append(Ljava/lang/String;)Ljava/lang/AbstractStringBuilder; @ 1
Event: 1.875 Thread 0x0000000002e43800 Uncommon trap: reason=unstable_if action=reinterpret pc=0x00000000032a9e88 method=java.lang.AbstractStringBuilder.append(Ljava/lang/String;)Ljava/lang/AbstractStringBuilder; @ 1
Event: 1.878 Thread 0x0000000002e43800 Uncommon trap: reason=unstable_if action=reinterpret pc=0x00000000033bf2a8 method=java.util.HashMap.hash(Ljava/lang/Object;)I @ 1

Classes redefined (0 events):
No events

Internal exceptions (10 events):
Event: 0.702 Thread 0x0000000002e43800 Exception <a 'java/lang/NoSuchFieldError': method resolution failed> (0x000000076c300098) thrown at [C:\re\workspace\8-2-build-windows-amd64-cygwin\jdk8u161\10277\hotspot\src\share\vm\prims\methodHandles.cpp, line 1167]
Event: 0.906 Thread 0x0000000002e43800 Exception <a 'java/io/FileNotFoundException'> (0x000000076c529ac0) thrown at [C:\re\workspace\8-2-build-windows-amd64-cygwin\jdk8u161\10277\hotspot\src\share\vm\prims\jni.cpp, line 709]
Event: 0.952 Thread 0x0000000002e43800 Exception <a 'java/io/FileNotFoundException'> (0x000000076c60ea98) thrown at [C:\re\workspace\8-2-build-windows-amd64-cygwin\jdk8u161\10277\hotspot\src\share\vm\prims\jni.cpp, line 709]
Event: 1.836 Thread 0x0000000002e43800 Exception <a 'java/lang/InterruptedException'> (0x000000076d1b9238) thrown at [C:\re\workspace\8-2-build-windows-amd64-cygwin\jdk8u161\10277\hotspot\src\share\vm\runtime\objectMonitor.cpp, line 1684]
Event: 1.874 Thread 0x0000000002e43800 Implicit null exception at 0x00000000032c7e19 to 0x00000000032c81d5
Event: 1.875 Thread 0x0000000002e43800 Implicit null exception at 0x00000000032a9a94 to 0x00000000032a9e71
Event: 1.878 Thread 0x0000000002e43800 Implicit null exception at 0x00000000033bf055 to 0x00000000033bf299
Event: 1.909 Thread 0x0000000002e43800 Exception <a 'java/io/FileNotFoundException'> (0x000000076e0d10f8) thrown at [C:\re\workspace\8-2-build-windows-amd64-cygwin\jdk8u161\10277\hotspot\src\share\vm\prims\jni.cpp, line 709]
Event: 1.909 Thread 0x0000000002e43800 Exception <a 'java/lang/NullPointerException'> (0x000000076e0d18d0) thrown at [C:\re\workspace\8-2-build-windows-amd64-cygwin\jdk8u161\10277\hotspot\src\share\vm\interpreter\linkResolver.cpp, line 1185]
Event: 1.953 Thread 0x0000000002e43800 Exception <a 'java/lang/reflect/InvocationTargetException'> (0x000000076e148608) thrown at [C:\re\workspace\8-2-build-windows-amd64-cygwin\jdk8u161\10277\hotspot\src\share\vm\runtime\reflection.cpp, line 1092]

Events (10 events):
Event: 2.055 loading class sun/nio/ch/IOStatus
Event: 2.055 loading class sun/nio/ch/IOStatus done
Event: 2.055 loading class inft3032/assign/Shader
Event: 2.055 loading class inft3032/assign/Shader done
Event: 2.060 loading class java/nio/HeapIntBuffer
Event: 2.060 loading class java/nio/HeapIntBuffer done
Event: 2.060 loading class java/nio/HeapFloatBuffer
Event: 2.060 loading class java/nio/HeapFloatBuffer done
Event: 2.062 loading class inft3032/math/Vector4
Event: 2.062 loading class inft3032/math/Vector4 done


Dynamic libraries:
0x00007ff738b70000 - 0x00007ff738ba7000 	C:\Program Files\Java\jdk1.8.0_161\bin\java.exe
0x00007ff9a7b80000 - 0x00007ff9a7d70000 	C:\WINDOWS\SYSTEM32\ntdll.dll
0x00007ff9a7870000 - 0x00007ff9a7922000 	C:\WINDOWS\System32\KERNEL32.DLL
0x00007ff9a4b40000 - 0x00007ff9a4de3000 	C:\WINDOWS\System32\KERNELBASE.dll
0x00007ff9a7510000 - 0x00007ff9a75b3000 	C:\WINDOWS\System32\ADVAPI32.dll
0x00007ff9a6310000 - 0x00007ff9a63ae000 	C:\WINDOWS\System32\msvcrt.dll
0x00007ff9a7700000 - 0x00007ff9a7797000 	C:\WINDOWS\System32\sechost.dll
0x00007ff9a73f0000 - 0x00007ff9a7510000 	C:\WINDOWS\System32\RPCRT4.dll
0x00007ff9a6460000 - 0x00007ff9a65f4000 	C:\WINDOWS\System32\USER32.dll
0x00007ff9a51e0000 - 0x00007ff9a5201000 	C:\WINDOWS\System32\win32u.dll
0x00007ff9a7ab0000 - 0x00007ff9a7ad6000 	C:\WINDOWS\System32\GDI32.dll
0x00007ff9a4fa0000 - 0x00007ff9a5134000 	C:\WINDOWS\System32\gdi32full.dll
0x00007ff9a5140000 - 0x00007ff9a51de000 	C:\WINDOWS\System32\msvcp_win.dll
0x00007ff9a4ea0000 - 0x00007ff9a4f9a000 	C:\WINDOWS\System32\ucrtbase.dll
0x00007ff991330000 - 0x00007ff9915b5000 	C:\WINDOWS\WinSxS\amd64_microsoft.windows.common-controls_6595b64144ccf1df_6.0.18362.418_none_e6c6b287130d565d\COMCTL32.dll
0x00007ff9a6600000 - 0x00007ff9a6936000 	C:\WINDOWS\System32\combase.dll
0x00007ff9a52c0000 - 0x00007ff9a5340000 	C:\WINDOWS\System32\bcryptPrimitives.dll
0x00007ff9a7390000 - 0x00007ff9a73be000 	C:\WINDOWS\System32\IMM32.DLL
0x0000000053a00000 - 0x0000000053ad2000 	C:\Program Files\Java\jdk1.8.0_161\jre\bin\msvcr100.dll
0x0000000053160000 - 0x00000000539ff000 	C:\Program Files\Java\jdk1.8.0_161\jre\bin\server\jvm.dll
0x00007ff9a7a20000 - 0x00007ff9a7a28000 	C:\WINDOWS\System32\PSAPI.DLL
0x00007ff99fee0000 - 0x00007ff99ff04000 	C:\WINDOWS\SYSTEM32\WINMM.dll
0x00007ff99b560000 - 0x00007ff99b56a000 	C:\WINDOWS\SYSTEM32\VERSION.dll
0x00007ff9a3540000 - 0x00007ff9a3549000 	C:\WINDOWS\SYSTEM32\WSOCK32.dll
0x00007ff9a7030000 - 0x00007ff9a709f000 	C:\WINDOWS\System32\WS2_32.dll
0x00007ff99fea0000 - 0x00007ff99fecd000 	C:\WINDOWS\SYSTEM32\WINMMBASE.dll
0x00007ff9a4e50000 - 0x00007ff9a4e9a000 	C:\WINDOWS\System32\cfgmgr32.dll
0x0000000053150000 - 0x000000005315f000 	C:\Program Files\Java\jdk1.8.0_161\jre\bin\verify.dll
0x0000000053120000 - 0x0000000053149000 	C:\Program Files\Java\jdk1.8.0_161\jre\bin\java.dll
0x00000000530d0000 - 0x00000000530f3000 	C:\Program Files\Java\jdk1.8.0_161\jre\bin\instrument.dll
0x0000000053100000 - 0x0000000053116000 	C:\Program Files\Java\jdk1.8.0_161\jre\bin\zip.dll
0x00007ff9a6940000 - 0x00007ff9a7025000 	C:\WINDOWS\System32\SHELL32.dll
0x00007ff9a63b0000 - 0x00007ff9a6459000 	C:\WINDOWS\System32\shcore.dll
0x00007ff9a5490000 - 0x00007ff9a5c0f000 	C:\WINDOWS\System32\windows.storage.dll
0x00007ff9a4a60000 - 0x00007ff9a4a7f000 	C:\WINDOWS\System32\profapi.dll
0x00007ff9a4aa0000 - 0x00007ff9a4aea000 	C:\WINDOWS\System32\powrprof.dll
0x00007ff9a4a50000 - 0x00007ff9a4a60000 	C:\WINDOWS\System32\UMPDC.dll
0x00007ff9a7ae0000 - 0x00007ff9a7b32000 	C:\WINDOWS\System32\shlwapi.dll
0x00007ff9a4af0000 - 0x00007ff9a4b01000 	C:\WINDOWS\System32\kernel.appcore.dll
0x00007ff9a5c10000 - 0x00007ff9a5c27000 	C:\WINDOWS\System32\cryptsp.dll
0x00007ff99f660000 - 0x00007ff99f67a000 	D:\INTElJ\IntelliJ IDEA Community Edition 2017.3.4\bin\breakgen64.dll
0x00000000530b0000 - 0x00000000530ca000 	C:\Program Files\Java\jdk1.8.0_161\jre\bin\net.dll
0x00007ff9a42c0000 - 0x00007ff9a4327000 	C:\WINDOWS\system32\mswsock.dll
0x00007ff9a3e30000 - 0x00007ff9a3e63000 	C:\WINDOWS\system32\rsaenh.dll
0x00007ff9a4b10000 - 0x00007ff9a4b36000 	C:\WINDOWS\System32\bcrypt.dll
0x00007ff9a4970000 - 0x00007ff9a4995000 	C:\WINDOWS\SYSTEM32\USERENV.dll
0x00007ff9a4490000 - 0x00007ff9a449c000 	C:\WINDOWS\SYSTEM32\CRYPTBASE.dll
0x00007ff9a3fd0000 - 0x00007ff9a400a000 	C:\WINDOWS\SYSTEM32\IPHLPAPI.DLL
0x00007ff9a7990000 - 0x00007ff9a7998000 	C:\WINDOWS\System32\NSI.dll
0x00007ff99bbc0000 - 0x00007ff99bbd6000 	C:\WINDOWS\SYSTEM32\dhcpcsvc6.DLL
0x00007ff99bef0000 - 0x00007ff99bf0c000 	C:\WINDOWS\SYSTEM32\dhcpcsvc.DLL
0x00007ff9a4010000 - 0x00007ff9a40da000 	C:\WINDOWS\SYSTEM32\DNSAPI.dll
0x0000000053090000 - 0x00000000530a1000 	C:\Program Files\Java\jdk1.8.0_161\jre\bin\nio.dll
0x00000000637c0000 - 0x00000000637cd000 	C:\Users\Administrator\AppData\Local\Temp\jogamp_0000\file_cache\jln19805082795436267\jln3347358472897216813\gluegen-rt.dll
0x0000000052e50000 - 0x0000000052fe8000 	C:\Program Files\Java\jdk1.8.0_161\jre\bin\awt.dll
0x00007ff9a7630000 - 0x00007ff9a76f4000 	C:\WINDOWS\System32\OLEAUT32.dll
0x00007ff9a2100000 - 0x00007ff9a218f000 	C:\WINDOWS\SYSTEM32\apphelp.dll
0x00007ff9a2680000 - 0x00007ff9a2719000 	C:\WINDOWS\system32\uxtheme.dll
0x00007ff9a70a0000 - 0x00007ff9a71d6000 	C:\WINDOWS\System32\MSCTF.dll
0x00007ff9a5c30000 - 0x00007ff9a5d86000 	C:\WINDOWS\System32\ole32.dll
0x0000000052e40000 - 0x0000000052e47000 	C:\Program Files\Java\jdk1.8.0_161\jre\bin\jawt.dll
0x000000006a440000 - 0x000000006a44d000 	C:\Users\Administrator\AppData\Local\Temp\jogamp_0000\file_cache\jln19805082795436267\jln3347358472897216813\nativewindow_awt.dll
0x00007ff9a2df0000 - 0x00007ff9a2e1d000 	C:\WINDOWS\system32\DWMAPI.DLL
0x00007ff98f910000 - 0x00007ff98fa66000 	C:\WINDOWS\system32\opengl32.dll
0x00007ff994980000 - 0x00007ff9949ac000 	C:\WINDOWS\SYSTEM32\GLU32.dll
0x00007ff9a36a0000 - 0x00007ff9a36c0000 	C:\WINDOWS\SYSTEM32\dxcore.dll
0x000000006c100000 - 0x000000006c10f000 	C:\Users\Administrator\AppData\Local\Temp\jogamp_0000\file_cache\jln19805082795436267\jln3347358472897216813\nativewindow_win32.dll
0x0000000064500000 - 0x00000000645a0000 	C:\Users\Administrator\AppData\Local\Temp\jogamp_0000\file_cache\jln19805082795436267\jln3347358472897216813\jogl_desktop.dll
0x0000000050b50000 - 0x0000000052e32000 	C:\WINDOWS\SYSTEM32\nvoglv64.DLL
0x00007ff9a5ea0000 - 0x00007ff9a6310000 	C:\WINDOWS\System32\SETUPAPI.dll
0x00007ff9a3520000 - 0x00007ff9a3533000 	C:\WINDOWS\SYSTEM32\WTSAPI32.dll
0x00007ff9a4850000 - 0x00007ff9a487a000 	C:\WINDOWS\SYSTEM32\DEVOBJ.dll
0x00007ff9a4df0000 - 0x00007ff9a4e4c000 	C:\WINDOWS\System32\WINTRUST.dll
0x00007ff9a4a80000 - 0x00007ff9a4a92000 	C:\WINDOWS\System32\MSASN1.dll
0x00007ff9a5340000 - 0x00007ff9a5489000 	C:\WINDOWS\System32\CRYPT32.dll
0x00007ff9a3a90000 - 0x00007ff9a3ac1000 	C:\WINDOWS\SYSTEM32\ntmarta.dll
0x00007ff97e690000 - 0x00007ff97e8f6000 	C:\WINDOWS\system32\nvspcap64.dll
0x00007ff9a3b00000 - 0x00007ff9a3b5c000 	C:\WINDOWS\SYSTEM32\WINSTA.dll
0x0000000050b00000 - 0x0000000050b47000 	C:\Program Files\Java\jdk1.8.0_161\jre\bin\fontmanager.dll
0x00007ff9954e0000 - 0x00007ff99557e000 	C:\WINDOWS\System32\TextInputFramework.dll
0x00007ff99e160000 - 0x00007ff99e48a000 	C:\WINDOWS\System32\CoreUIComponents.dll
0x00007ff9a1d50000 - 0x00007ff9a1e24000 	C:\WINDOWS\System32\CoreMessaging.dll
0x00007ff9a03e0000 - 0x00007ff9a0533000 	C:\WINDOWS\SYSTEM32\wintypes.dll
0x00007ff996610000 - 0x00007ff9968b6000 	C:\WINDOWS\System32\iertutil.dll
0x00007ff9a3310000 - 0x00007ff9a3504000 	C:\WINDOWS\SYSTEM32\dbghelp.dll

VM Arguments:
jvm_args: -javaagent:D:\INTElJ\IntelliJ IDEA Community Edition 2017.3.4\lib\idea_rt.jar=54615:D:\INTElJ\IntelliJ IDEA Community Edition 2017.3.4\bin -Dfile.encoding=UTF-8 
java_command: inft3032.assign.Assignment -scene scenes/BoxWorld.scene
java_class_path (initial): C:\Program Files\Java\jdk1.8.0_161\jre\lib\charsets.jar;C:\Program Files\Java\jdk1.8.0_161\jre\lib\deploy.jar;C:\Program Files\Java\jdk1.8.0_161\jre\lib\ext\access-bridge-64.jar;C:\Program Files\Java\jdk1.8.0_161\jre\lib\ext\cldrdata.jar;C:\Program Files\Java\jdk1.8.0_161\jre\lib\ext\dnsns.jar;C:\Program Files\Java\jdk1.8.0_161\jre\lib\ext\jaccess.jar;C:\Program Files\Java\jdk1.8.0_161\jre\lib\ext\jfxrt.jar;C:\Program Files\Java\jdk1.8.0_161\jre\lib\ext\localedata.jar;C:\Program Files\Java\jdk1.8.0_161\jre\lib\ext\nashorn.jar;C:\Program Files\Java\jdk1.8.0_161\jre\lib\ext\sunec.jar;C:\Program Files\Java\jdk1.8.0_161\jre\lib\ext\sunjce_provider.jar;C:\Program Files\Java\jdk1.8.0_161\jre\lib\ext\sunmscapi.jar;C:\Program Files\Java\jdk1.8.0_161\jre\lib\ext\sunpkcs11.jar;C:\Program Files\Java\jdk1.8.0_161\jre\lib\ext\zipfs.jar;C:\Program Files\Java\jdk1.8.0_161\jre\lib\javaws.jar;C:\Program Files\Java\jdk1.8.0_161\jre\lib\jce.jar;C:\Program Files\Java\jdk1.8.0_161\jre\lib\jfr.jar;C:\Program Files\Java\jdk1.8.0_161\jre\lib\jfxswt.jar;C:\Program Files\Java\jdk1.8.0_161\jre\lib\jsse.jar;C:\Program Files\Java\jdk1.8.0_161\jre\lib\management-agent.jar;C:\Program Files\Java\jdk1.8.0_161\jre\lib\plugin.jar;C:\Program Files\Java\jdk1.8.0_161\jre\lib\resources.jar;C:\Program Files\Java\jdk1.8.0_161\jre\lib\rt.jar;D:\GameEnginesAndGraphic\Assignment2A\out\production\JoglHelloWorld;D:\GameEnginesAndGraphic\Assignment2A\JoglHelloWorld\jogamp-all-platforms\jar\gluegen-rt.jar;D:\GameEnginesAndGraphic\Assignment2A\JoglHelloWorld\jogamp-all-platforms\jar\jogl-all.jar;D:\GameEnginesAndGraphic\Assignment2A\JoglHelloWorld\jogamp-all-platforms\jar\jogl-test.jar;D:\GameEnginesAndGraphic\Assignment2A\JoglHelloWorld\jogamp-all-platforms\jar\joal-natives-android-armv6.jar;D:\GameEnginesAndGraphic\Assignment2A\JoglHelloWorld\jogamp-all-platforms\jar\gluegen-rt-natives-linux-i586.jar;D:\GameEnginesAndGraphic\Assignment2A\JoglHelloWorld\jogamp-all-platforms\jar\jocl-n
Launcher Type: SUN_STANDARD

Environment Variables:
PATH=C:\Program Files (x86)\Common Files\Oracle\Java\javapath;C:\ProgramData\Oracle\Java\javapath;C:\windows\system32;C:\windows;C:\windows\System32\Wbem;C:\windows\System32\WindowsPowerShell\v1.0\;C:\Program Files (x86)\GtkSharp\2.12\bin;C:\Program Files\dotnet\;C:\Program Files\Microsoft SQL Server\130\Tools\Binn\;C:\Program Files (x86)\NVIDIA Corporation\PhysX\Common;C:\WINDOWS\system32;C:\WINDOWS;C:\WINDOWS\System32\Wbem;C:\WINDOWS\System32\WindowsPowerShell\v1.0\;C:\WINDOWS\System32\OpenSSH\;D:\Microsoft VS Code\bin;C:\Program Files (x86)\Windows Kits\10\Windows Performance Toolkit\;C:\WINDOWS\system32;C:\WINDOWS;C:\WINDOWS\System32\Wbem;C:\WINDOWS\System32\WindowsPowerShell\v1.0\;C:\WINDOWS\System32\OpenSSH\;D:\NodeJs\;C:\Users\Administrator\AppData\Local\Programs\Python\Python37\Scripts\;C:\Users\Administrator\AppData\Local\Programs\Python\Python37\;D:\RailsInstaller\Git\cmd;D:\RailsInstaller\Ruby2.3.3\bin;C:\Users\Administrator\AppData\Local\Microsoft\WindowsApps;D:\Microsoft VS Code\bin;D:\heroku\bin;C:\Users\Administrator\AppData\Local\GitHubDesktop\bin;C:\Program Files\Java\jdk1.8.0_171\bin;C:\Users\Administrator\AppData\Local\Microsoft\WindowsApps;C:\Users\Administrator\Documents\ADB\platform-tools;C:\Users\Administrator\AppData\Roaming\npm
USERNAME=Administrator
OS=Windows_NT
PROCESSOR_IDENTIFIER=Intel64 Family 6 Model 94 Stepping 3, GenuineIntel



---------------  S Y S T E M  ---------------

OS: Windows 10.0 , 64 bit Build 18362 (10.0.18362.329)

CPU:total 8 (initial active 8) (4 cores per cpu, 2 threads per core) family 6 model 94 stepping 3, cmov, cx8, fxsr, mmx, sse, sse2, sse3, ssse3, sse4.1, sse4.2, popcnt, avx, avx2, aes, clmul, erms, rtm, 3dnowpref, lzcnt, ht, tsc, tscinvbit, bmi1, bmi2, adx

Memory: 4k page, physical 16637744k(8478428k free), swap 17686320k(5476732k free)

vm_info: Java HotSpot(TM) 64-Bit Server VM (25.161-b12) for windows-amd64 JRE (1.8.0_161-b12), built on Dec 19 2017 17:52:25 by "java_re" with MS VC++ 10.0 (VS2010)

time: Thu Oct 17 11:19:42 2019
elapsed time: 2 seconds (0d 0h 0m 2s)

